/home/betheln/ros2_ws/src/Robotics/delivery_robot2/install/delivery_robot/lib/python3.10/site-packages/delivery_robot/slam_explorer.py
/home/betheln/ros2_ws/src/Robotics/delivery_robot2/install/delivery_robot/lib/python3.10/site-packages/delivery_robot/__init__.py
/home/betheln/ros2_ws/src/Robotics/delivery_robot2/install/delivery_robot/lib/python3.10/site-packages/delivery_robot/record_waypoints.py
/home/betheln/ros2_ws/src/Robotics/delivery_robot2/install/delivery_robot/lib/python3.10/site-packages/delivery_robot/delivery_mission.py
/home/betheln/ros2_ws/src/Robotics/delivery_robot2/install/delivery_robot/lib/python3.10/site-packages/delivery_robot/health_check.py
/home/betheln/ros2_ws/src/Robotics/delivery_robot2/install/delivery_robot/lib/python3.10/site-packages/delivery_robot/__pycache__/slam_explorer.cpython-310.pyc
/home/betheln/ros2_ws/src/Robotics/delivery_robot2/install/delivery_robot/lib/python3.10/site-packages/delivery_robot/__pycache__/__init__.cpython-310.pyc
/home/betheln/ros2_ws/src/Robotics/delivery_robot2/install/delivery_robot/lib/python3.10/site-packages/delivery_robot/__pycache__/record_waypoints.cpython-310.pyc
/home/betheln/ros2_ws/src/Robotics/delivery_robot2/install/delivery_robot/lib/python3.10/site-packages/delivery_robot/__pycache__/delivery_mission.cpython-310.pyc
/home/betheln/ros2_ws/src/Robotics/delivery_robot2/install/delivery_robot/lib/python3.10/site-packages/delivery_robot/__pycache__/health_check.cpython-310.pyc
/home/betheln/ros2_ws/src/Robotics/delivery_robot2/install/delivery_robot/share/ament_index/resource_index/packages/delivery_robot
/home/betheln/ros2_ws/src/Robotics/delivery_robot2/install/delivery_robot/share/delivery_robot/package.xml
/home/betheln/ros2_ws/src/Robotics/delivery_robot2/install/delivery_robot/share/delivery_robot/launch/navigation_launch.py
/home/betheln/ros2_ws/src/Robotics/delivery_robot2/install/delivery_robot/share/delivery_robot/launch/slam_launch.py
/home/betheln/ros2_ws/src/Robotics/delivery_robot2/install/delivery_robot/share/delivery_robot/urdf/robot.urdf.xacro
/home/betheln/ros2_ws/src/Robotics/delivery_robot2/install/delivery_robot/share/delivery_robot/worlds/office.world
/home/betheln/ros2_ws/src/Robotics/delivery_robot2/install/delivery_robot/share/delivery_robot/config/slam_params.yaml
/home/betheln/ros2_ws/src/Robotics/delivery_robot2/install/delivery_robot/share/delivery_robot/config/nav2_params.yaml
/home/betheln/ros2_ws/src/Robotics/delivery_robot2/install/delivery_robot/share/delivery_robot/maps/office_map.pgm
/home/betheln/ros2_ws/src/Robotics/delivery_robot2/install/delivery_robot/share/delivery_robot/maps/office_map.yaml
/home/betheln/ros2_ws/src/Robotics/delivery_robot2/install/delivery_robot/share/delivery_robot/rviz/slam.rviz
/home/betheln/ros2_ws/src/Robotics/delivery_robot2/install/delivery_robot/share/delivery_robot/rviz/navigation.rviz
/home/betheln/ros2_ws/src/Robotics/delivery_robot2/install/delivery_robot/lib/python3.10/site-packages/delivery_robot-1.0.0-py3.10.egg-info/requires.txt
/home/betheln/ros2_ws/src/Robotics/delivery_robot2/install/delivery_robot/lib/python3.10/site-packages/delivery_robot-1.0.0-py3.10.egg-info/SOURCES.txt
/home/betheln/ros2_ws/src/Robotics/delivery_robot2/install/delivery_robot/lib/python3.10/site-packages/delivery_robot-1.0.0-py3.10.egg-info/entry_points.txt
/home/betheln/ros2_ws/src/Robotics/delivery_robot2/install/delivery_robot/lib/python3.10/site-packages/delivery_robot-1.0.0-py3.10.egg-info/PKG-INFO
/home/betheln/ros2_ws/src/Robotics/delivery_robot2/install/delivery_robot/lib/python3.10/site-packages/delivery_robot-1.0.0-py3.10.egg-info/dependency_links.txt
/home/betheln/ros2_ws/src/Robotics/delivery_robot2/install/delivery_robot/lib/python3.10/site-packages/delivery_robot-1.0.0-py3.10.egg-info/top_level.txt
/home/betheln/ros2_ws/src/Robotics/delivery_robot2/install/delivery_robot/lib/python3.10/site-packages/delivery_robot-1.0.0-py3.10.egg-info/zip-safe
/home/betheln/ros2_ws/src/Robotics/delivery_robot2/install/delivery_robot/lib/delivery_robot/delivery_mission
/home/betheln/ros2_ws/src/Robotics/delivery_robot2/install/delivery_robot/lib/delivery_robot/health_check
/home/betheln/ros2_ws/src/Robotics/delivery_robot2/install/delivery_robot/lib/delivery_robot/record_waypoints
/home/betheln/ros2_ws/src/Robotics/delivery_robot2/install/delivery_robot/lib/delivery_robot/slam_explorer
