[0.778s] Invoking command in '/home/betheln/ros2_ws/src/Robotics/delivery_robot2/build/delivery_robot': PYTHONPATH=/home/betheln/ros2_ws/src/Robotics/delivery_robot2/build/delivery_robot/prefix_override:/usr/lib/python3/dist-packages/colcon_core/task/python/colcon_distutils_commands:/home/betheln/ros2_ws/src/Robotics/delivery_robot2/install/delivery_robot/lib/python3.10/site-packages:${PYTHONPATH} /usr/bin/python3 -W ignore:setup.py install is deprecated -W ignore:easy_install command is deprecated setup.py develop --editable --build-directory /home/betheln/ros2_ws/src/Robotics/delivery_robot2/build/delivery_robot/build --no-deps symlink_data
[1.114s] running develop
[1.398s] running egg_info
[1.399s] writing delivery_robot.egg-info/PKG-INFO
[1.399s] writing dependency_links to delivery_robot.egg-info/dependency_links.txt
[1.399s] writing entry points to delivery_robot.egg-info/entry_points.txt
[1.399s] writing requirements to delivery_robot.egg-info/requires.txt
[1.399s] writing top-level names to delivery_robot.egg-info/top_level.txt
[1.401s] reading manifest file 'delivery_robot.egg-info/SOURCES.txt'
[1.402s] writing manifest file 'delivery_robot.egg-info/SOURCES.txt'
[1.404s] running build_ext
[1.404s] Creating /home/betheln/ros2_ws/src/Robotics/delivery_robot2/install/delivery_robot/lib/python3.10/site-packages/delivery-robot.egg-link (link to .)
[1.405s] Installing delivery_mission script to /home/betheln/ros2_ws/src/Robotics/delivery_robot2/install/delivery_robot/lib/delivery_robot
[1.405s] Installing health_check script to /home/betheln/ros2_ws/src/Robotics/delivery_robot2/install/delivery_robot/lib/delivery_robot
[1.405s] Installing record_waypoints script to /home/betheln/ros2_ws/src/Robotics/delivery_robot2/install/delivery_robot/lib/delivery_robot
[1.405s] Installing slam_explorer script to /home/betheln/ros2_ws/src/Robotics/delivery_robot2/install/delivery_robot/lib/delivery_robot
[1.405s] 
[1.406s] Installed /home/betheln/ros2_ws/src/Robotics/delivery_robot2/build/delivery_robot
[1.406s] running symlink_data
[1.450s] Invoked command in '/home/betheln/ros2_ws/src/Robotics/delivery_robot2/build/delivery_robot' returned '0': PYTHONPATH=/home/betheln/ros2_ws/src/Robotics/delivery_robot2/build/delivery_robot/prefix_override:/usr/lib/python3/dist-packages/colcon_core/task/python/colcon_distutils_commands:/home/betheln/ros2_ws/src/Robotics/delivery_robot2/install/delivery_robot/lib/python3.10/site-packages:${PYTHONPATH} /usr/bin/python3 -W ignore:setup.py install is deprecated -W ignore:easy_install command is deprecated setup.py develop --editable --build-directory /home/betheln/ros2_ws/src/Robotics/delivery_robot2/build/delivery_robot/build --no-deps symlink_data
