[0.406s] Invoking command in '/home/betheln/ros2_ws/src/Robotics/delivery_robot2/delivery_robot': PYTHONPATH=/home/betheln/ros2_ws/build/delivery_robot/prefix_override:/usr/lib/python3/dist-packages/colcon_core/task/python/colcon_distutils_commands:/home/betheln/ros2_ws/install/delivery_robot/lib/python3.10/site-packages:${PYTHONPATH} /usr/bin/python3 -W ignore:setup.py install is deprecated -W ignore:easy_install command is deprecated setup.py egg_info --egg-base ../../../../build/delivery_robot build --build-base /home/betheln/ros2_ws/build/delivery_robot/build install --record /home/betheln/ros2_ws/build/delivery_robot/install.log --single-version-externally-managed install_data
[0.523s] /home/betheln/.local/lib/python3.10/site-packages/setuptools/_distutils/dist.py:287: UserWarning: Unknown distribution option: 'tests_require'
[0.523s]   warnings.warn(msg)
[0.584s] running egg_info
[0.593s] creating ../../../../build/delivery_robot/delivery_robot.egg-info
[0.593s] writing ../../../../build/delivery_robot/delivery_robot.egg-info/PKG-INFO
[0.593s] writing dependency_links to ../../../../build/delivery_robot/delivery_robot.egg-info/dependency_links.txt
[0.593s] writing entry points to ../../../../build/delivery_robot/delivery_robot.egg-info/entry_points.txt
[0.593s] writing requirements to ../../../../build/delivery_robot/delivery_robot.egg-info/requires.txt
[0.593s] writing top-level names to ../../../../build/delivery_robot/delivery_robot.egg-info/top_level.txt
[0.593s] writing manifest file '../../../../build/delivery_robot/delivery_robot.egg-info/SOURCES.txt'
[0.613s] reading manifest file '../../../../build/delivery_robot/delivery_robot.egg-info/SOURCES.txt'
[0.613s] adding license file 'LICENSE'
[0.614s] writing manifest file '../../../../build/delivery_robot/delivery_robot.egg-info/SOURCES.txt'
[0.614s] running build
[0.615s] running build_py
[0.615s] creating /home/betheln/ros2_ws/build/delivery_robot/build/lib/delivery_robot
[0.615s] copying delivery_robot/__init__.py -> /home/betheln/ros2_ws/build/delivery_robot/build/lib/delivery_robot
[0.615s] copying delivery_robot/record_waypoints.py -> /home/betheln/ros2_ws/build/delivery_robot/build/lib/delivery_robot
[0.615s] copying delivery_robot/delivery_mission.py -> /home/betheln/ros2_ws/build/delivery_robot/build/lib/delivery_robot
[0.615s] copying delivery_robot/health_check.py -> /home/betheln/ros2_ws/build/delivery_robot/build/lib/delivery_robot
[0.615s] running install
[0.618s] running install_lib
[0.627s] creating /home/betheln/ros2_ws/install/delivery_robot/lib/python3.10/site-packages/delivery_robot
[0.627s] copying /home/betheln/ros2_ws/build/delivery_robot/build/lib/delivery_robot/__init__.py -> /home/betheln/ros2_ws/install/delivery_robot/lib/python3.10/site-packages/delivery_robot
[0.627s] copying /home/betheln/ros2_ws/build/delivery_robot/build/lib/delivery_robot/record_waypoints.py -> /home/betheln/ros2_ws/install/delivery_robot/lib/python3.10/site-packages/delivery_robot
[0.627s] copying /home/betheln/ros2_ws/build/delivery_robot/build/lib/delivery_robot/delivery_mission.py -> /home/betheln/ros2_ws/install/delivery_robot/lib/python3.10/site-packages/delivery_robot
[0.627s] copying /home/betheln/ros2_ws/build/delivery_robot/build/lib/delivery_robot/health_check.py -> /home/betheln/ros2_ws/install/delivery_robot/lib/python3.10/site-packages/delivery_robot
[0.627s] byte-compiling /home/betheln/ros2_ws/install/delivery_robot/lib/python3.10/site-packages/delivery_robot/__init__.py to __init__.cpython-310.pyc
[0.627s] byte-compiling /home/betheln/ros2_ws/install/delivery_robot/lib/python3.10/site-packages/delivery_robot/record_waypoints.py to record_waypoints.cpython-310.pyc
[0.628s] byte-compiling /home/betheln/ros2_ws/install/delivery_robot/lib/python3.10/site-packages/delivery_robot/delivery_mission.py to delivery_mission.cpython-310.pyc
[0.630s] byte-compiling /home/betheln/ros2_ws/install/delivery_robot/lib/python3.10/site-packages/delivery_robot/health_check.py to health_check.cpython-310.pyc
[0.630s] running install_data
[0.630s] copying resource/delivery_robot -> /home/betheln/ros2_ws/install/delivery_robot/share/ament_index/resource_index/packages
[0.630s] copying package.xml -> /home/betheln/ros2_ws/install/delivery_robot/share/delivery_robot
[0.631s] copying launch/navigation_launch.py -> /home/betheln/ros2_ws/install/delivery_robot/share/delivery_robot/launch
[0.631s] copying launch/slam_launch.py -> /home/betheln/ros2_ws/install/delivery_robot/share/delivery_robot/launch
[0.631s] creating /home/betheln/ros2_ws/install/delivery_robot/share/delivery_robot/urdf
[0.631s] copying urdf/robot.urdf.xacro -> /home/betheln/ros2_ws/install/delivery_robot/share/delivery_robot/urdf
[0.631s] copying worlds/office.world -> /home/betheln/ros2_ws/install/delivery_robot/share/delivery_robot/worlds
[0.631s] copying config/slam_params.yaml -> /home/betheln/ros2_ws/install/delivery_robot/share/delivery_robot/config
[0.631s] copying config/nav2_params.yaml -> /home/betheln/ros2_ws/install/delivery_robot/share/delivery_robot/config
[0.631s] copying maps/office_map.yaml -> /home/betheln/ros2_ws/install/delivery_robot/share/delivery_robot/maps
[0.632s] copying rviz/slam.rviz -> /home/betheln/ros2_ws/install/delivery_robot/share/delivery_robot/rviz
[0.632s] copying rviz/navigation.rviz -> /home/betheln/ros2_ws/install/delivery_robot/share/delivery_robot/rviz
[0.632s] running install_egg_info
[0.641s] Copying ../../../../build/delivery_robot/delivery_robot.egg-info to /home/betheln/ros2_ws/install/delivery_robot/lib/python3.10/site-packages/delivery_robot-1.0.0-py3.10.egg-info
[0.641s] running install_scripts
[0.661s] Installing delivery_mission script to /home/betheln/ros2_ws/install/delivery_robot/lib/delivery_robot
[0.661s] Installing health_check script to /home/betheln/ros2_ws/install/delivery_robot/lib/delivery_robot
[0.661s] Installing record_waypoints script to /home/betheln/ros2_ws/install/delivery_robot/lib/delivery_robot
[0.661s] writing list of installed files to '/home/betheln/ros2_ws/build/delivery_robot/install.log'
[0.676s] Invoked command in '/home/betheln/ros2_ws/src/Robotics/delivery_robot2/delivery_robot' returned '0': PYTHONPATH=/home/betheln/ros2_ws/build/delivery_robot/prefix_override:/usr/lib/python3/dist-packages/colcon_core/task/python/colcon_distutils_commands:/home/betheln/ros2_ws/install/delivery_robot/lib/python3.10/site-packages:${PYTHONPATH} /usr/bin/python3 -W ignore:setup.py install is deprecated -W ignore:easy_install command is deprecated setup.py egg_info --egg-base ../../../../build/delivery_robot build --build-base /home/betheln/ros2_ws/build/delivery_robot/build install --record /home/betheln/ros2_ws/build/delivery_robot/install.log --single-version-externally-managed install_data
