running develop
running egg_info
writing delivery_robot.egg-info/PKG-INFO
writing dependency_links to delivery_robot.egg-info/dependency_links.txt
writing entry points to delivery_robot.egg-info/entry_points.txt
writing requirements to delivery_robot.egg-info/requires.txt
writing top-level names to delivery_robot.egg-info/top_level.txt
reading manifest file 'delivery_robot.egg-info/SOURCES.txt'
writing manifest file 'delivery_robot.egg-info/SOURCES.txt'
running build_ext
Creating /home/betheln/ros2_ws/src/Robotics/delivery_robot2/install/delivery_robot/lib/python3.10/site-packages/delivery-robot.egg-link (link to .)
Installing delivery_mission script to /home/betheln/ros2_ws/src/Robotics/delivery_robot2/install/delivery_robot/lib/delivery_robot
Installing health_check script to /home/betheln/ros2_ws/src/Robotics/delivery_robot2/install/delivery_robot/lib/delivery_robot
Installing record_waypoints script to /home/betheln/ros2_ws/src/Robotics/delivery_robot2/install/delivery_robot/lib/delivery_robot
Installing slam_explorer script to /home/betheln/ros2_ws/src/Robotics/delivery_robot2/install/delivery_robot/lib/delivery_robot

Installed /home/betheln/ros2_ws/src/Robotics/delivery_robot2/build/delivery_robot
running symlink_data
symbolically linking /home/betheln/ros2_ws/src/Robotics/delivery_robot2/build/delivery_robot/resource/delivery_robot -> /home/betheln/ros2_ws/src/Robotics/delivery_robot2/install/delivery_robot/share/ament_index/resource_index/packages
symbolically linking /home/betheln/ros2_ws/src/Robotics/delivery_robot2/build/delivery_robot/package.xml -> /home/betheln/ros2_ws/src/Robotics/delivery_robot2/install/delivery_robot/share/delivery_robot
symbolically linking /home/betheln/ros2_ws/src/Robotics/delivery_robot2/build/delivery_robot/launch/navigation_launch.py -> /home/betheln/ros2_ws/src/Robotics/delivery_robot2/install/delivery_robot/share/delivery_robot/launch
symbolically linking /home/betheln/ros2_ws/src/Robotics/delivery_robot2/build/delivery_robot/launch/slam_launch.py -> /home/betheln/ros2_ws/src/Robotics/delivery_robot2/install/delivery_robot/share/delivery_robot/launch
symbolically linking /home/betheln/ros2_ws/src/Robotics/delivery_robot2/build/delivery_robot/urdf/robot.urdf.xacro -> /home/betheln/ros2_ws/src/Robotics/delivery_robot2/install/delivery_robot/share/delivery_robot/urdf
symbolically linking /home/betheln/ros2_ws/src/Robotics/delivery_robot2/build/delivery_robot/worlds/office.world -> /home/betheln/ros2_ws/src/Robotics/delivery_robot2/install/delivery_robot/share/delivery_robot/worlds
symbolically linking /home/betheln/ros2_ws/src/Robotics/delivery_robot2/build/delivery_robot/config/slam_params.yaml -> /home/betheln/ros2_ws/src/Robotics/delivery_robot2/install/delivery_robot/share/delivery_robot/config
symbolically linking /home/betheln/ros2_ws/src/Robotics/delivery_robot2/build/delivery_robot/config/nav2_params.yaml -> /home/betheln/ros2_ws/src/Robotics/delivery_robot2/install/delivery_robot/share/delivery_robot/config
symbolically linking /home/betheln/ros2_ws/src/Robotics/delivery_robot2/build/delivery_robot/maps/office_map.pgm -> /home/betheln/ros2_ws/src/Robotics/delivery_robot2/install/delivery_robot/share/delivery_robot/maps
symbolically linking /home/betheln/ros2_ws/src/Robotics/delivery_robot2/build/delivery_robot/maps/office_map.yaml -> /home/betheln/ros2_ws/src/Robotics/delivery_robot2/install/delivery_robot/share/delivery_robot/maps
symbolically linking /home/betheln/ros2_ws/src/Robotics/delivery_robot2/build/delivery_robot/rviz/slam.rviz -> /home/betheln/ros2_ws/src/Robotics/delivery_robot2/install/delivery_robot/share/delivery_robot/rviz
symbolically linking /home/betheln/ros2_ws/src/Robotics/delivery_robot2/build/delivery_robot/rviz/navigation.rviz -> /home/betheln/ros2_ws/src/Robotics/delivery_robot2/install/delivery_robot/share/delivery_robot/rviz
