[0.057s] DEBUG:colcon:Command line arguments: ['/usr/bin/colcon', 'build', '--base-paths', '/home/betheln/ros2_ws/src/Robotics/delivery_robot2', '--build-base', '/home/betheln/ros2_ws/build', '--install-base', '/home/betheln/ros2_ws/install', '--symlink-install']
[0.057s] DEBUG:colcon:Parsed command line arguments: Namespace(log_base=None, log_level=None, verb_name='build', build_base='/home/betheln/ros2_ws/build', install_base='/home/betheln/ros2_ws/install', merge_install=False, symlink_install=True, test_result_base=None, continue_on_error=False, executor='parallel', parallel_workers=12, event_handlers=None, ignore_user_meta=False, metas=['./colcon.meta'], base_paths=['/home/betheln/ros2_ws/src/Robotics/delivery_robot2'], packages_ignore=None, packages_ignore_regex=None, paths=None, packages_up_to=None, packages_up_to_regex=None, packages_above=None, packages_above_and_dependencies=None, packages_above_depth=None, packages_select_by_dep=None, packages_skip_by_dep=None, packages_skip_up_to=None, packages_select_build_failed=False, packages_skip_build_finished=False, packages_select_test_failures=False, packages_skip_test_passed=False, packages_select=None, packages_skip=None, packages_select_regex=None, packages_skip_regex=None, packages_start=None, packages_end=None, allow_overriding=[], cmake_args=None, cmake_target=None, cmake_target_skip_unavailable=False, cmake_clean_cache=False, cmake_clean_first=False, cmake_force_configure=False, ament_cmake_args=None, catkin_cmake_args=None, catkin_skip_building_tests=False, verb_parser=<colcon_defaults.argument_parser.defaults.DefaultArgumentsDecorator object at 0x7f05f334cbe0>, verb_extension=<colcon_core.verb.build.BuildVerb object at 0x7f05f349e740>, main=<bound method BuildVerb.main of <colcon_core.verb.build.BuildVerb object at 0x7f05f349e740>>)
[0.079s] Level 1:colcon.colcon_core.package_discovery:discover_packages(colcon_meta) check parameters
[0.079s] Level 1:colcon.colcon_core.package_discovery:discover_packages(recursive) check parameters
[0.079s] Level 1:colcon.colcon_core.package_discovery:discover_packages(ignore) check parameters
[0.079s] Level 1:colcon.colcon_core.package_discovery:discover_packages(path) check parameters
[0.079s] Level 1:colcon.colcon_core.package_discovery:discover_packages(recursive) discover
[0.079s] INFO:colcon.colcon_core.package_discovery:Crawling recursively for packages in '/home/betheln/ros2_ws/src/Robotics/delivery_robot2'
[0.079s] Level 1:colcon.colcon_core.package_identification:_identify(/home/betheln/ros2_ws/src/Robotics/delivery_robot2) by extensions ['ignore', 'ignore_ament_install']
[0.079s] Level 1:colcon.colcon_core.package_identification:_identify(/home/betheln/ros2_ws/src/Robotics/delivery_robot2) by extension 'ignore'
[0.079s] Level 1:colcon.colcon_core.package_identification:_identify(/home/betheln/ros2_ws/src/Robotics/delivery_robot2) by extension 'ignore_ament_install'
[0.079s] Level 1:colcon.colcon_core.package_identification:_identify(/home/betheln/ros2_ws/src/Robotics/delivery_robot2) by extensions ['colcon_pkg']
[0.079s] Level 1:colcon.colcon_core.package_identification:_identify(/home/betheln/ros2_ws/src/Robotics/delivery_robot2) by extension 'colcon_pkg'
[0.079s] Level 1:colcon.colcon_core.package_identification:_identify(/home/betheln/ros2_ws/src/Robotics/delivery_robot2) by extensions ['colcon_meta']
[0.079s] Level 1:colcon.colcon_core.package_identification:_identify(/home/betheln/ros2_ws/src/Robotics/delivery_robot2) by extension 'colcon_meta'
[0.079s] Level 1:colcon.colcon_core.package_identification:_identify(/home/betheln/ros2_ws/src/Robotics/delivery_robot2) by extensions ['ros']
[0.079s] Level 1:colcon.colcon_core.package_identification:_identify(/home/betheln/ros2_ws/src/Robotics/delivery_robot2) by extension 'ros'
[0.095s] Level 1:colcon.colcon_core.package_identification:_identify(/home/betheln/ros2_ws/src/Robotics/delivery_robot2) by extensions ['cmake', 'python']
[0.095s] Level 1:colcon.colcon_core.package_identification:_identify(/home/betheln/ros2_ws/src/Robotics/delivery_robot2) by extension 'cmake'
[0.095s] Level 1:colcon.colcon_core.package_identification:_identify(/home/betheln/ros2_ws/src/Robotics/delivery_robot2) by extension 'python'
[0.095s] Level 1:colcon.colcon_core.package_identification:_identify(/home/betheln/ros2_ws/src/Robotics/delivery_robot2) by extensions ['python_setup_py']
[0.095s] Level 1:colcon.colcon_core.package_identification:_identify(/home/betheln/ros2_ws/src/Robotics/delivery_robot2) by extension 'python_setup_py'
[0.095s] Level 1:colcon.colcon_core.package_identification:_identify(/home/betheln/ros2_ws/src/Robotics/delivery_robot2/delivery_robot) by extensions ['ignore', 'ignore_ament_install']
[0.096s] Level 1:colcon.colcon_core.package_identification:_identify(/home/betheln/ros2_ws/src/Robotics/delivery_robot2/delivery_robot) by extension 'ignore'
[0.096s] Level 1:colcon.colcon_core.package_identification:_identify(/home/betheln/ros2_ws/src/Robotics/delivery_robot2/delivery_robot) by extension 'ignore_ament_install'
[0.096s] Level 1:colcon.colcon_core.package_identification:_identify(/home/betheln/ros2_ws/src/Robotics/delivery_robot2/delivery_robot) by extensions ['colcon_pkg']
[0.096s] Level 1:colcon.colcon_core.package_identification:_identify(/home/betheln/ros2_ws/src/Robotics/delivery_robot2/delivery_robot) by extension 'colcon_pkg'
[0.096s] Level 1:colcon.colcon_core.package_identification:_identify(/home/betheln/ros2_ws/src/Robotics/delivery_robot2/delivery_robot) by extensions ['colcon_meta']
[0.096s] Level 1:colcon.colcon_core.package_identification:_identify(/home/betheln/ros2_ws/src/Robotics/delivery_robot2/delivery_robot) by extension 'colcon_meta'
[0.096s] Level 1:colcon.colcon_core.package_identification:_identify(/home/betheln/ros2_ws/src/Robotics/delivery_robot2/delivery_robot) by extensions ['ros']
[0.096s] Level 1:colcon.colcon_core.package_identification:_identify(/home/betheln/ros2_ws/src/Robotics/delivery_robot2/delivery_robot) by extension 'ros'
[0.098s] DEBUG:colcon.colcon_core.package_identification:Package '/home/betheln/ros2_ws/src/Robotics/delivery_robot2/delivery_robot' with type 'ros.ament_python' and name 'delivery_robot'
[0.098s] Level 1:colcon.colcon_core.package_identification:_identify(/home/betheln/ros2_ws/src/Robotics/delivery_robot2/log) by extensions ['ignore', 'ignore_ament_install']
[0.098s] Level 1:colcon.colcon_core.package_identification:_identify(/home/betheln/ros2_ws/src/Robotics/delivery_robot2/log) by extension 'ignore'
[0.098s] Level 1:colcon.colcon_core.package_identification:_identify(/home/betheln/ros2_ws/src/Robotics/delivery_robot2/log) ignored
[0.098s] Level 1:colcon.colcon_core.package_discovery:discover_packages(recursive) using defaults
[0.109s] Level 1:colcon.colcon_core.package_discovery:discover_packages(prefix_path) check parameters
[0.109s] Level 1:colcon.colcon_core.package_discovery:discover_packages(prefix_path) discover
[0.111s] DEBUG:colcon.colcon_installed_package_information.package_discovery:Found 55 installed packages in /home/betheln/ros2_ws/install
[0.112s] DEBUG:colcon.colcon_installed_package_information.package_discovery:Found 482 installed packages in /opt/ros/humble
[0.114s] Level 1:colcon.colcon_core.package_discovery:discover_packages(prefix_path) using defaults
[0.148s] Level 5:colcon.colcon_core.verb:set package 'delivery_robot' build argument 'cmake_args' from command line to 'None'
[0.148s] Level 5:colcon.colcon_core.verb:set package 'delivery_robot' build argument 'cmake_target' from command line to 'None'
[0.148s] Level 5:colcon.colcon_core.verb:set package 'delivery_robot' build argument 'cmake_target_skip_unavailable' from command line to 'False'
[0.148s] Level 5:colcon.colcon_core.verb:set package 'delivery_robot' build argument 'cmake_clean_cache' from command line to 'False'
[0.148s] Level 5:colcon.colcon_core.verb:set package 'delivery_robot' build argument 'cmake_clean_first' from command line to 'False'
[0.148s] Level 5:colcon.colcon_core.verb:set package 'delivery_robot' build argument 'cmake_force_configure' from command line to 'False'
[0.148s] Level 5:colcon.colcon_core.verb:set package 'delivery_robot' build argument 'ament_cmake_args' from command line to 'None'
[0.148s] Level 5:colcon.colcon_core.verb:set package 'delivery_robot' build argument 'catkin_cmake_args' from command line to 'None'
[0.148s] Level 5:colcon.colcon_core.verb:set package 'delivery_robot' build argument 'catkin_skip_building_tests' from command line to 'False'
[0.148s] DEBUG:colcon.colcon_core.verb:Building package 'delivery_robot' with the following arguments: {'ament_cmake_args': None, 'build_base': '/home/betheln/ros2_ws/build/delivery_robot', 'catkin_cmake_args': None, 'catkin_skip_building_tests': False, 'cmake_args': None, 'cmake_clean_cache': False, 'cmake_clean_first': False, 'cmake_force_configure': False, 'cmake_target': None, 'cmake_target_skip_unavailable': False, 'install_base': '/home/betheln/ros2_ws/install/delivery_robot', 'merge_install': False, 'path': '/home/betheln/ros2_ws/src/Robotics/delivery_robot2/delivery_robot', 'symlink_install': True, 'test_result_base': None}
[0.148s] INFO:colcon.colcon_core.executor:Executing jobs using 'parallel' executor
[0.149s] DEBUG:colcon.colcon_parallel_executor.executor.parallel:run_until_complete
[0.149s] INFO:colcon.colcon_ros.task.ament_python.build:Building ROS package in '/home/betheln/ros2_ws/src/Robotics/delivery_robot2/delivery_robot' with build type 'ament_python'
[0.149s] Level 1:colcon.colcon_core.shell:create_environment_hook('delivery_robot', 'ament_prefix_path')
[0.151s] INFO:colcon.colcon_core.plugin_system:Skipping extension 'colcon_core.shell.bat': Not used on non-Windows systems
[0.151s] INFO:colcon.colcon_core.shell:Creating environment hook '/home/betheln/ros2_ws/install/delivery_robot/share/delivery_robot/hook/ament_prefix_path.ps1'
[0.152s] INFO:colcon.colcon_core.shell:Creating environment descriptor '/home/betheln/ros2_ws/install/delivery_robot/share/delivery_robot/hook/ament_prefix_path.dsv'
[0.152s] INFO:colcon.colcon_core.shell:Creating environment hook '/home/betheln/ros2_ws/install/delivery_robot/share/delivery_robot/hook/ament_prefix_path.sh'
[0.153s] INFO:colcon.colcon_core.shell:Skip shell extension 'powershell' for command environment: Not usable outside of PowerShell
[0.153s] DEBUG:colcon.colcon_core.shell:Skip shell extension 'dsv' for command environment
[0.285s] INFO:colcon.colcon_core.task.python.build:Building Python package in '/home/betheln/ros2_ws/src/Robotics/delivery_robot2/delivery_robot'
[0.285s] INFO:colcon.colcon_core.shell:Skip shell extension 'powershell' for command environment: Not usable outside of PowerShell
[0.285s] DEBUG:colcon.colcon_core.shell:Skip shell extension 'dsv' for command environment
[0.550s] DEBUG:colcon.colcon_core.event_handler.log_command:Invoking command in '/home/betheln/ros2_ws/build/delivery_robot': PYTHONPATH=/home/betheln/ros2_ws/build/delivery_robot/prefix_override:/usr/lib/python3/dist-packages/colcon_core/task/python/colcon_distutils_commands:/home/betheln/ros2_ws/install/delivery_robot/lib/python3.10/site-packages:${PYTHONPATH} /usr/bin/python3 -W ignore:setup.py install is deprecated -W ignore:easy_install command is deprecated setup.py develop --editable --build-directory /home/betheln/ros2_ws/build/delivery_robot/build --no-deps symlink_data
[0.684s] DEBUG:colcon.colcon_core.event_handler.log_command:Invoked command in '/home/betheln/ros2_ws/build/delivery_robot' returned '1': PYTHONPATH=/home/betheln/ros2_ws/build/delivery_robot/prefix_override:/usr/lib/python3/dist-packages/colcon_core/task/python/colcon_distutils_commands:/home/betheln/ros2_ws/install/delivery_robot/lib/python3.10/site-packages:${PYTHONPATH} /usr/bin/python3 -W ignore:setup.py install is deprecated -W ignore:easy_install command is deprecated setup.py develop --editable --build-directory /home/betheln/ros2_ws/build/delivery_robot/build --no-deps symlink_data
[0.694s] DEBUG:colcon.colcon_parallel_executor.executor.parallel:closing loop
[0.694s] DEBUG:colcon.colcon_parallel_executor.executor.parallel:loop closed
[0.694s] DEBUG:colcon.colcon_parallel_executor.executor.parallel:run_until_complete finished with '1'
[0.694s] DEBUG:colcon.colcon_core.event_reactor:joining thread
[0.699s] INFO:colcon.colcon_core.plugin_system:Skipping extension 'colcon_notification.desktop_notification.terminal_notifier': Not used on non-Darwin systems
[0.699s] INFO:colcon.colcon_core.plugin_system:Skipping extension 'colcon_notification.desktop_notification.win32': Not used on non-Windows systems
[0.699s] INFO:colcon.colcon_notification.desktop_notification:Sending desktop notification using 'notify2'
[0.713s] DEBUG:colcon.colcon_core.event_reactor:joined thread
[0.713s] INFO:colcon.colcon_core.shell:Creating prefix script '/home/betheln/ros2_ws/install/local_setup.ps1'
[0.714s] INFO:colcon.colcon_core.shell:Creating prefix util module '/home/betheln/ros2_ws/install/_local_setup_util_ps1.py'
[0.717s] INFO:colcon.colcon_core.shell:Creating prefix chain script '/home/betheln/ros2_ws/install/setup.ps1'
[0.719s] INFO:colcon.colcon_core.shell:Creating prefix script '/home/betheln/ros2_ws/install/local_setup.sh'
[0.720s] INFO:colcon.colcon_core.shell:Creating prefix util module '/home/betheln/ros2_ws/install/_local_setup_util_sh.py'
[0.721s] INFO:colcon.colcon_core.shell:Creating prefix chain script '/home/betheln/ros2_ws/install/setup.sh'
[0.724s] INFO:colcon.colcon_core.shell:Creating prefix script '/home/betheln/ros2_ws/install/local_setup.bash'
[0.725s] INFO:colcon.colcon_core.shell:Creating prefix chain script '/home/betheln/ros2_ws/install/setup.bash'
[0.728s] INFO:colcon.colcon_core.shell:Creating prefix script '/home/betheln/ros2_ws/install/local_setup.zsh'
[0.729s] INFO:colcon.colcon_core.shell:Creating prefix chain script '/home/betheln/ros2_ws/install/setup.zsh'
