[0.523s] Invoking command in '/home/betheln/ros2_ws/src/Robotics/delivery_robot2/build/delivery_robot': PYTHONPATH=/home/betheln/ros2_ws/src/Robotics/delivery_robot2/build/delivery_robot/prefix_override:/usr/lib/python3/dist-packages/colcon_core/task/python/colcon_distutils_commands:/home/betheln/ros2_ws/src/Robotics/delivery_robot2/install/delivery_robot/lib/python3.10/site-packages:${PYTHONPATH} /usr/bin/python3 -W ignore:setup.py install is deprecated -W ignore:easy_install command is deprecated setup.py develop --uninstall --editable --build-directory /home/betheln/ros2_ws/src/Robotics/delivery_robot2/build/delivery_robot/build
[0.730s] running develop
[0.856s] Removing /home/betheln/ros2_ws/src/Robotics/delivery_robot2/install/delivery_robot/lib/python3.10/site-packages/delivery-robot.egg-link (link to .)
[0.877s] Invoked command in '/home/betheln/ros2_ws/src/Robotics/delivery_robot2/build/delivery_robot' returned '0': PYTHONPATH=/home/betheln/ros2_ws/src/Robotics/delivery_robot2/build/delivery_robot/prefix_override:/usr/lib/python3/dist-packages/colcon_core/task/python/colcon_distutils_commands:/home/betheln/ros2_ws/src/Robotics/delivery_robot2/install/delivery_robot/lib/python3.10/site-packages:${PYTHONPATH} /usr/bin/python3 -W ignore:setup.py install is deprecated -W ignore:easy_install command is deprecated setup.py develop --uninstall --editable --build-directory /home/betheln/ros2_ws/src/Robotics/delivery_robot2/build/delivery_robot/build
[0.878s] Invoking command in '/home/betheln/ros2_ws/src/Robotics/delivery_robot2/delivery_robot': PYTHONPATH=/home/betheln/ros2_ws/src/Robotics/delivery_robot2/build/delivery_robot/prefix_override:/usr/lib/python3/dist-packages/colcon_core/task/python/colcon_distutils_commands:/home/betheln/ros2_ws/src/Robotics/delivery_robot2/install/delivery_robot/lib/python3.10/site-packages:${PYTHONPATH} /usr/bin/python3 -W ignore:setup.py install is deprecated -W ignore:easy_install command is deprecated setup.py egg_info --egg-base ../build/delivery_robot build --build-base /home/betheln/ros2_ws/src/Robotics/delivery_robot2/build/delivery_robot/build install --record /home/betheln/ros2_ws/src/Robotics/delivery_robot2/build/delivery_robot/install.log --single-version-externally-managed install_data --force
[1.077s] running egg_info
[1.077s] writing ../build/delivery_robot/delivery_robot.egg-info/PKG-INFO
[1.078s] writing dependency_links to ../build/delivery_robot/delivery_robot.egg-info/dependency_links.txt
[1.078s] writing entry points to ../build/delivery_robot/delivery_robot.egg-info/entry_points.txt
[1.078s] writing requirements to ../build/delivery_robot/delivery_robot.egg-info/requires.txt
[1.078s] writing top-level names to ../build/delivery_robot/delivery_robot.egg-info/top_level.txt
[1.079s] reading manifest file '../build/delivery_robot/delivery_robot.egg-info/SOURCES.txt'
[1.079s] adding license file 'LICENSE'
[1.080s] writing manifest file '../build/delivery_robot/delivery_robot.egg-info/SOURCES.txt'
[1.080s] running build
[1.080s] running build_py
[1.080s] creating /home/betheln/ros2_ws/src/Robotics/delivery_robot2/build/delivery_robot/build
[1.080s] creating /home/betheln/ros2_ws/src/Robotics/delivery_robot2/build/delivery_robot/build/lib
[1.080s] creating /home/betheln/ros2_ws/src/Robotics/delivery_robot2/build/delivery_robot/build/lib/delivery_robot
[1.081s] copying delivery_robot/slam_explorer.py -> /home/betheln/ros2_ws/src/Robotics/delivery_robot2/build/delivery_robot/build/lib/delivery_robot
[1.081s] copying delivery_robot/__init__.py -> /home/betheln/ros2_ws/src/Robotics/delivery_robot2/build/delivery_robot/build/lib/delivery_robot
[1.081s] copying delivery_robot/record_waypoints.py -> /home/betheln/ros2_ws/src/Robotics/delivery_robot2/build/delivery_robot/build/lib/delivery_robot
[1.081s] copying delivery_robot/delivery_mission.py -> /home/betheln/ros2_ws/src/Robotics/delivery_robot2/build/delivery_robot/build/lib/delivery_robot
[1.081s] copying delivery_robot/health_check.py -> /home/betheln/ros2_ws/src/Robotics/delivery_robot2/build/delivery_robot/build/lib/delivery_robot
[1.081s] running install
[1.081s] running install_lib
[1.081s] creating /home/betheln/ros2_ws/src/Robotics/delivery_robot2/install/delivery_robot/lib/python3.10/site-packages/delivery_robot
[1.081s] copying /home/betheln/ros2_ws/src/Robotics/delivery_robot2/build/delivery_robot/build/lib/delivery_robot/slam_explorer.py -> /home/betheln/ros2_ws/src/Robotics/delivery_robot2/install/delivery_robot/lib/python3.10/site-packages/delivery_robot
[1.081s] copying /home/betheln/ros2_ws/src/Robotics/delivery_robot2/build/delivery_robot/build/lib/delivery_robot/__init__.py -> /home/betheln/ros2_ws/src/Robotics/delivery_robot2/install/delivery_robot/lib/python3.10/site-packages/delivery_robot
[1.081s] copying /home/betheln/ros2_ws/src/Robotics/delivery_robot2/build/delivery_robot/build/lib/delivery_robot/record_waypoints.py -> /home/betheln/ros2_ws/src/Robotics/delivery_robot2/install/delivery_robot/lib/python3.10/site-packages/delivery_robot
[1.081s] copying /home/betheln/ros2_ws/src/Robotics/delivery_robot2/build/delivery_robot/build/lib/delivery_robot/delivery_mission.py -> /home/betheln/ros2_ws/src/Robotics/delivery_robot2/install/delivery_robot/lib/python3.10/site-packages/delivery_robot
[1.081s] copying /home/betheln/ros2_ws/src/Robotics/delivery_robot2/build/delivery_robot/build/lib/delivery_robot/health_check.py -> /home/betheln/ros2_ws/src/Robotics/delivery_robot2/install/delivery_robot/lib/python3.10/site-packages/delivery_robot
[1.081s] byte-compiling /home/betheln/ros2_ws/src/Robotics/delivery_robot2/install/delivery_robot/lib/python3.10/site-packages/delivery_robot/slam_explorer.py to slam_explorer.cpython-310.pyc
[1.082s] byte-compiling /home/betheln/ros2_ws/src/Robotics/delivery_robot2/install/delivery_robot/lib/python3.10/site-packages/delivery_robot/__init__.py to __init__.cpython-310.pyc
[1.082s] byte-compiling /home/betheln/ros2_ws/src/Robotics/delivery_robot2/install/delivery_robot/lib/python3.10/site-packages/delivery_robot/record_waypoints.py to record_waypoints.cpython-310.pyc
[1.083s] byte-compiling /home/betheln/ros2_ws/src/Robotics/delivery_robot2/install/delivery_robot/lib/python3.10/site-packages/delivery_robot/delivery_mission.py to delivery_mission.cpython-310.pyc
[1.084s] byte-compiling /home/betheln/ros2_ws/src/Robotics/delivery_robot2/install/delivery_robot/lib/python3.10/site-packages/delivery_robot/health_check.py to health_check.cpython-310.pyc
[1.084s] running install_data
[1.084s] copying resource/delivery_robot -> /home/betheln/ros2_ws/src/Robotics/delivery_robot2/install/delivery_robot/share/ament_index/resource_index/packages
[1.084s] copying package.xml -> /home/betheln/ros2_ws/src/Robotics/delivery_robot2/install/delivery_robot/share/delivery_robot
[1.085s] copying launch/navigation_launch.py -> /home/betheln/ros2_ws/src/Robotics/delivery_robot2/install/delivery_robot/share/delivery_robot/launch
[1.085s] copying launch/slam_launch.py -> /home/betheln/ros2_ws/src/Robotics/delivery_robot2/install/delivery_robot/share/delivery_robot/launch
[1.085s] copying urdf/robot.urdf.xacro -> /home/betheln/ros2_ws/src/Robotics/delivery_robot2/install/delivery_robot/share/delivery_robot/urdf
[1.085s] copying worlds/office.world -> /home/betheln/ros2_ws/src/Robotics/delivery_robot2/install/delivery_robot/share/delivery_robot/worlds
[1.085s] copying config/slam_params.yaml -> /home/betheln/ros2_ws/src/Robotics/delivery_robot2/install/delivery_robot/share/delivery_robot/config
[1.085s] copying config/nav2_params.yaml -> /home/betheln/ros2_ws/src/Robotics/delivery_robot2/install/delivery_robot/share/delivery_robot/config
[1.085s] copying maps/office_map.pgm -> /home/betheln/ros2_ws/src/Robotics/delivery_robot2/install/delivery_robot/share/delivery_robot/maps
[1.085s] copying maps/office_map.yaml -> /home/betheln/ros2_ws/src/Robotics/delivery_robot2/install/delivery_robot/share/delivery_robot/maps
[1.085s] copying rviz/slam.rviz -> /home/betheln/ros2_ws/src/Robotics/delivery_robot2/install/delivery_robot/share/delivery_robot/rviz
[1.085s] copying rviz/navigation.rviz -> /home/betheln/ros2_ws/src/Robotics/delivery_robot2/install/delivery_robot/share/delivery_robot/rviz
[1.085s] running install_egg_info
[1.086s] Copying ../build/delivery_robot/delivery_robot.egg-info to /home/betheln/ros2_ws/src/Robotics/delivery_robot2/install/delivery_robot/lib/python3.10/site-packages/delivery_robot-1.0.0-py3.10.egg-info
[1.087s] running install_scripts
[1.101s] Installing delivery_mission script to /home/betheln/ros2_ws/src/Robotics/delivery_robot2/install/delivery_robot/lib/delivery_robot
[1.101s] Installing health_check script to /home/betheln/ros2_ws/src/Robotics/delivery_robot2/install/delivery_robot/lib/delivery_robot
[1.101s] Installing record_waypoints script to /home/betheln/ros2_ws/src/Robotics/delivery_robot2/install/delivery_robot/lib/delivery_robot
[1.101s] Installing slam_explorer script to /home/betheln/ros2_ws/src/Robotics/delivery_robot2/install/delivery_robot/lib/delivery_robot
[1.101s] writing list of installed files to '/home/betheln/ros2_ws/src/Robotics/delivery_robot2/build/delivery_robot/install.log'
[1.119s] Invoked command in '/home/betheln/ros2_ws/src/Robotics/delivery_robot2/delivery_robot' returned '0': PYTHONPATH=/home/betheln/ros2_ws/src/Robotics/delivery_robot2/build/delivery_robot/prefix_override:/usr/lib/python3/dist-packages/colcon_core/task/python/colcon_distutils_commands:/home/betheln/ros2_ws/src/Robotics/delivery_robot2/install/delivery_robot/lib/python3.10/site-packages:${PYTHONPATH} /usr/bin/python3 -W ignore:setup.py install is deprecated -W ignore:easy_install command is deprecated setup.py egg_info --egg-base ../build/delivery_robot build --build-base /home/betheln/ros2_ws/src/Robotics/delivery_robot2/build/delivery_robot/build install --record /home/betheln/ros2_ws/src/Robotics/delivery_robot2/build/delivery_robot/install.log --single-version-externally-managed install_data --force
