[0.088s] DEBUG:colcon:Command line arguments: ['/usr/bin/colcon', 'build', '--symlink-install', '--packages-select', 'delivery_robot']
[0.089s] DEBUG:colcon:Parsed command line arguments: Namespace(log_base=None, log_level=None, verb_name='build', build_base='build', install_base='install', merge_install=False, symlink_install=True, test_result_base=None, continue_on_error=False, executor='parallel', parallel_workers=12, event_handlers=None, ignore_user_meta=False, metas=['./colcon.meta'], base_paths=['.'], packages_ignore=None, packages_ignore_regex=None, paths=None, packages_up_to=None, packages_up_to_regex=None, packages_above=None, packages_above_and_dependencies=None, packages_above_depth=None, packages_select_by_dep=None, packages_skip_by_dep=None, packages_skip_up_to=None, packages_select_build_failed=False, packages_skip_build_finished=False, packages_select_test_failures=False, packages_skip_test_passed=False, packages_select=['delivery_robot'], packages_skip=None, packages_select_regex=None, packages_skip_regex=None, packages_start=None, packages_end=None, allow_overriding=[], cmake_args=None, cmake_target=None, cmake_target_skip_unavailable=False, cmake_clean_cache=False, cmake_clean_first=False, cmake_force_configure=False, ament_cmake_args=None, catkin_cmake_args=None, catkin_skip_building_tests=False, verb_parser=<colcon_defaults.argument_parser.defaults.DefaultArgumentsDecorator object at 0x70b3a14a1210>, verb_extension=<colcon_core.verb.build.BuildVerb object at 0x70b3a15a2d70>, main=<bound method BuildVerb.main of <colcon_core.verb.build.BuildVerb object at 0x70b3a15a2d70>>)
[0.261s] Level 1:colcon.colcon_core.package_discovery:discover_packages(colcon_meta) check parameters
[0.261s] Level 1:colcon.colcon_core.package_discovery:discover_packages(recursive) check parameters
[0.261s] Level 1:colcon.colcon_core.package_discovery:discover_packages(ignore) check parameters
[0.261s] Level 1:colcon.colcon_core.package_discovery:discover_packages(path) check parameters
[0.261s] Level 1:colcon.colcon_core.package_discovery:discover_packages(colcon_meta) discover
[0.261s] Level 1:colcon.colcon_core.package_discovery:discover_packages(recursive) discover
[0.261s] INFO:colcon.colcon_core.package_discovery:Crawling recursively for packages in '/home/betheln/ros2_ws/src/Robotics/delivery_robot2'
[0.261s] Level 1:colcon.colcon_core.package_identification:_identify(.) by extensions ['ignore', 'ignore_ament_install']
[0.261s] Level 1:colcon.colcon_core.package_identification:_identify(.) by extension 'ignore'
[0.261s] Level 1:colcon.colcon_core.package_identification:_identify(.) by extension 'ignore_ament_install'
[0.261s] Level 1:colcon.colcon_core.package_identification:_identify(.) by extensions ['colcon_pkg']
[0.261s] Level 1:colcon.colcon_core.package_identification:_identify(.) by extension 'colcon_pkg'
[0.261s] Level 1:colcon.colcon_core.package_identification:_identify(.) by extensions ['colcon_meta']
[0.261s] Level 1:colcon.colcon_core.package_identification:_identify(.) by extension 'colcon_meta'
[0.261s] Level 1:colcon.colcon_core.package_identification:_identify(.) by extensions ['ros']
[0.261s] Level 1:colcon.colcon_core.package_identification:_identify(.) by extension 'ros'
[0.293s] Level 1:colcon.colcon_core.package_identification:_identify(.) by extensions ['cmake', 'python']
[0.293s] Level 1:colcon.colcon_core.package_identification:_identify(.) by extension 'cmake'
[0.293s] Level 1:colcon.colcon_core.package_identification:_identify(.) by extension 'python'
[0.293s] Level 1:colcon.colcon_core.package_identification:_identify(.) by extensions ['python_setup_py']
[0.293s] Level 1:colcon.colcon_core.package_identification:_identify(.) by extension 'python_setup_py'
[0.293s] Level 1:colcon.colcon_core.package_identification:_identify(build) by extensions ['ignore', 'ignore_ament_install']
[0.293s] Level 1:colcon.colcon_core.package_identification:_identify(build) by extension 'ignore'
[0.293s] Level 1:colcon.colcon_core.package_identification:_identify(build) ignored
[0.294s] Level 1:colcon.colcon_core.package_identification:_identify(delivery_robot) by extensions ['ignore', 'ignore_ament_install']
[0.294s] Level 1:colcon.colcon_core.package_identification:_identify(delivery_robot) by extension 'ignore'
[0.294s] Level 1:colcon.colcon_core.package_identification:_identify(delivery_robot) by extension 'ignore_ament_install'
[0.294s] Level 1:colcon.colcon_core.package_identification:_identify(delivery_robot) by extensions ['colcon_pkg']
[0.294s] Level 1:colcon.colcon_core.package_identification:_identify(delivery_robot) by extension 'colcon_pkg'
[0.294s] Level 1:colcon.colcon_core.package_identification:_identify(delivery_robot) by extensions ['colcon_meta']
[0.294s] Level 1:colcon.colcon_core.package_identification:_identify(delivery_robot) by extension 'colcon_meta'
[0.294s] Level 1:colcon.colcon_core.package_identification:_identify(delivery_robot) by extensions ['ros']
[0.294s] Level 1:colcon.colcon_core.package_identification:_identify(delivery_robot) by extension 'ros'
[0.298s] DEBUG:colcon.colcon_core.package_identification:Package 'delivery_robot' with type 'ros.ament_python' and name 'delivery_robot'
[0.298s] Level 1:colcon.colcon_core.package_identification:_identify(install) by extensions ['ignore', 'ignore_ament_install']
[0.298s] Level 1:colcon.colcon_core.package_identification:_identify(install) by extension 'ignore'
[0.298s] Level 1:colcon.colcon_core.package_identification:_identify(install) ignored
[0.298s] Level 1:colcon.colcon_core.package_identification:_identify(log) by extensions ['ignore', 'ignore_ament_install']
[0.298s] Level 1:colcon.colcon_core.package_identification:_identify(log) by extension 'ignore'
[0.298s] Level 1:colcon.colcon_core.package_identification:_identify(log) ignored
[0.298s] Level 1:colcon.colcon_core.package_discovery:discover_packages(recursive) using defaults
[0.298s] Level 1:colcon.colcon_core.package_discovery:discover_packages(ignore) discover
[0.298s] Level 1:colcon.colcon_core.package_discovery:discover_packages(ignore) using defaults
[0.298s] Level 1:colcon.colcon_core.package_discovery:discover_packages(path) discover
[0.298s] Level 1:colcon.colcon_core.package_discovery:discover_packages(path) using defaults
[0.321s] Level 1:colcon.colcon_core.package_discovery:discover_packages(prefix_path) check parameters
[0.321s] Level 1:colcon.colcon_core.package_discovery:discover_packages(prefix_path) discover
[0.323s] DEBUG:colcon.colcon_installed_package_information.package_discovery:Found 55 installed packages in /home/betheln/ros2_ws/install
[0.324s] DEBUG:colcon.colcon_installed_package_information.package_discovery:Found 482 installed packages in /opt/ros/humble
[0.327s] Level 1:colcon.colcon_core.package_discovery:discover_packages(prefix_path) using defaults
[0.400s] Level 5:colcon.colcon_core.verb:set package 'delivery_robot' build argument 'cmake_args' from command line to 'None'
[0.400s] Level 5:colcon.colcon_core.verb:set package 'delivery_robot' build argument 'cmake_target' from command line to 'None'
[0.400s] Level 5:colcon.colcon_core.verb:set package 'delivery_robot' build argument 'cmake_target_skip_unavailable' from command line to 'False'
[0.400s] Level 5:colcon.colcon_core.verb:set package 'delivery_robot' build argument 'cmake_clean_cache' from command line to 'False'
[0.400s] Level 5:colcon.colcon_core.verb:set package 'delivery_robot' build argument 'cmake_clean_first' from command line to 'False'
[0.400s] Level 5:colcon.colcon_core.verb:set package 'delivery_robot' build argument 'cmake_force_configure' from command line to 'False'
[0.400s] Level 5:colcon.colcon_core.verb:set package 'delivery_robot' build argument 'ament_cmake_args' from command line to 'None'
[0.400s] Level 5:colcon.colcon_core.verb:set package 'delivery_robot' build argument 'catkin_cmake_args' from command line to 'None'
[0.400s] Level 5:colcon.colcon_core.verb:set package 'delivery_robot' build argument 'catkin_skip_building_tests' from command line to 'False'
[0.400s] DEBUG:colcon.colcon_core.verb:Building package 'delivery_robot' with the following arguments: {'ament_cmake_args': None, 'build_base': '/home/betheln/ros2_ws/src/Robotics/delivery_robot2/build/delivery_robot', 'catkin_cmake_args': None, 'catkin_skip_building_tests': False, 'cmake_args': None, 'cmake_clean_cache': False, 'cmake_clean_first': False, 'cmake_force_configure': False, 'cmake_target': None, 'cmake_target_skip_unavailable': False, 'install_base': '/home/betheln/ros2_ws/src/Robotics/delivery_robot2/install/delivery_robot', 'merge_install': False, 'path': '/home/betheln/ros2_ws/src/Robotics/delivery_robot2/delivery_robot', 'symlink_install': True, 'test_result_base': None}
[0.401s] INFO:colcon.colcon_core.executor:Executing jobs using 'parallel' executor
[0.401s] DEBUG:colcon.colcon_parallel_executor.executor.parallel:run_until_complete
[0.401s] INFO:colcon.colcon_ros.task.ament_python.build:Building ROS package in '/home/betheln/ros2_ws/src/Robotics/delivery_robot2/delivery_robot' with build type 'ament_python'
[0.402s] Level 1:colcon.colcon_core.shell:create_environment_hook('delivery_robot', 'ament_prefix_path')
[0.403s] INFO:colcon.colcon_core.plugin_system:Skipping extension 'colcon_core.shell.bat': Not used on non-Windows systems
[0.403s] INFO:colcon.colcon_core.shell:Creating environment hook '/home/betheln/ros2_ws/src/Robotics/delivery_robot2/install/delivery_robot/share/delivery_robot/hook/ament_prefix_path.ps1'
[0.404s] INFO:colcon.colcon_core.shell:Creating environment descriptor '/home/betheln/ros2_ws/src/Robotics/delivery_robot2/install/delivery_robot/share/delivery_robot/hook/ament_prefix_path.dsv'
[0.404s] INFO:colcon.colcon_core.shell:Creating environment hook '/home/betheln/ros2_ws/src/Robotics/delivery_robot2/install/delivery_robot/share/delivery_robot/hook/ament_prefix_path.sh'
[0.405s] INFO:colcon.colcon_core.shell:Skip shell extension 'powershell' for command environment: Not usable outside of PowerShell
[0.405s] DEBUG:colcon.colcon_core.shell:Skip shell extension 'dsv' for command environment
[0.677s] INFO:colcon.colcon_core.task.python.build:Building Python package in '/home/betheln/ros2_ws/src/Robotics/delivery_robot2/delivery_robot'
[0.677s] INFO:colcon.colcon_core.shell:Skip shell extension 'powershell' for command environment: Not usable outside of PowerShell
[0.677s] DEBUG:colcon.colcon_core.shell:Skip shell extension 'dsv' for command environment
[1.043s] DEBUG:colcon.colcon_core.event_handler.log_command:Invoking command in '/home/betheln/ros2_ws/src/Robotics/delivery_robot2/build/delivery_robot': PYTHONPATH=/home/betheln/ros2_ws/src/Robotics/delivery_robot2/build/delivery_robot/prefix_override:/usr/lib/python3/dist-packages/colcon_core/task/python/colcon_distutils_commands:/home/betheln/ros2_ws/src/Robotics/delivery_robot2/install/delivery_robot/lib/python3.10/site-packages:${PYTHONPATH} /usr/bin/python3 -W ignore:setup.py install is deprecated -W ignore:easy_install command is deprecated setup.py develop --editable --build-directory /home/betheln/ros2_ws/src/Robotics/delivery_robot2/build/delivery_robot/build --no-deps symlink_data
[1.508s] Level 1:colcon.colcon_core.shell:create_environment_hook('delivery_robot', 'pythonpath_develop')
[1.508s] INFO:colcon.colcon_core.shell:Creating environment hook '/home/betheln/ros2_ws/src/Robotics/delivery_robot2/build/delivery_robot/share/delivery_robot/hook/pythonpath_develop.ps1'
[1.509s] DEBUG:colcon.colcon_core.event_handler.log_command:Invoked command in '/home/betheln/ros2_ws/src/Robotics/delivery_robot2/build/delivery_robot' returned '0': PYTHONPATH=/home/betheln/ros2_ws/src/Robotics/delivery_robot2/build/delivery_robot/prefix_override:/usr/lib/python3/dist-packages/colcon_core/task/python/colcon_distutils_commands:/home/betheln/ros2_ws/src/Robotics/delivery_robot2/install/delivery_robot/lib/python3.10/site-packages:${PYTHONPATH} /usr/bin/python3 -W ignore:setup.py install is deprecated -W ignore:easy_install command is deprecated setup.py develop --editable --build-directory /home/betheln/ros2_ws/src/Robotics/delivery_robot2/build/delivery_robot/build --no-deps symlink_data
[1.509s] INFO:colcon.colcon_core.shell:Creating environment descriptor '/home/betheln/ros2_ws/src/Robotics/delivery_robot2/build/delivery_robot/share/delivery_robot/hook/pythonpath_develop.dsv'
[1.510s] INFO:colcon.colcon_core.shell:Creating environment hook '/home/betheln/ros2_ws/src/Robotics/delivery_robot2/build/delivery_robot/share/delivery_robot/hook/pythonpath_develop.sh'
[1.513s] Level 1:colcon.colcon_core.environment:checking '/home/betheln/ros2_ws/src/Robotics/delivery_robot2/install/delivery_robot' for CMake module files
[1.513s] Level 1:colcon.colcon_core.environment:checking '/home/betheln/ros2_ws/src/Robotics/delivery_robot2/install/delivery_robot' for CMake config files
[1.514s] Level 1:colcon.colcon_core.environment:checking '/home/betheln/ros2_ws/src/Robotics/delivery_robot2/install/delivery_robot/lib'
[1.514s] Level 1:colcon.colcon_core.environment:checking '/home/betheln/ros2_ws/src/Robotics/delivery_robot2/install/delivery_robot/bin'
[1.514s] Level 1:colcon.colcon_core.environment:checking '/home/betheln/ros2_ws/src/Robotics/delivery_robot2/install/delivery_robot/lib/pkgconfig/delivery_robot.pc'
[1.515s] Level 1:colcon.colcon_core.environment:checking '/home/betheln/ros2_ws/src/Robotics/delivery_robot2/install/delivery_robot/lib/python3.10/site-packages'
[1.515s] Level 1:colcon.colcon_core.shell:create_environment_hook('delivery_robot', 'pythonpath')
[1.515s] INFO:colcon.colcon_core.shell:Creating environment hook '/home/betheln/ros2_ws/src/Robotics/delivery_robot2/install/delivery_robot/share/delivery_robot/hook/pythonpath.ps1'
[1.515s] INFO:colcon.colcon_core.shell:Creating environment descriptor '/home/betheln/ros2_ws/src/Robotics/delivery_robot2/install/delivery_robot/share/delivery_robot/hook/pythonpath.dsv'
[1.516s] INFO:colcon.colcon_core.shell:Creating environment hook '/home/betheln/ros2_ws/src/Robotics/delivery_robot2/install/delivery_robot/share/delivery_robot/hook/pythonpath.sh'
[1.516s] Level 1:colcon.colcon_core.environment:checking '/home/betheln/ros2_ws/src/Robotics/delivery_robot2/install/delivery_robot/bin'
[1.516s] Level 1:colcon.colcon_core.environment:create_environment_scripts_only(delivery_robot)
[1.516s] INFO:colcon.colcon_core.shell:Creating package script '/home/betheln/ros2_ws/src/Robotics/delivery_robot2/install/delivery_robot/share/delivery_robot/package.ps1'
[1.517s] INFO:colcon.colcon_core.shell:Creating package descriptor '/home/betheln/ros2_ws/src/Robotics/delivery_robot2/install/delivery_robot/share/delivery_robot/package.dsv'
[1.517s] INFO:colcon.colcon_core.shell:Creating package script '/home/betheln/ros2_ws/src/Robotics/delivery_robot2/install/delivery_robot/share/delivery_robot/package.sh'
[1.518s] INFO:colcon.colcon_core.shell:Creating package script '/home/betheln/ros2_ws/src/Robotics/delivery_robot2/install/delivery_robot/share/delivery_robot/package.bash'
[1.518s] INFO:colcon.colcon_core.shell:Creating package script '/home/betheln/ros2_ws/src/Robotics/delivery_robot2/install/delivery_robot/share/delivery_robot/package.zsh'
[1.519s] Level 1:colcon.colcon_core.environment:create_file_with_runtime_dependencies(/home/betheln/ros2_ws/src/Robotics/delivery_robot2/install/delivery_robot/share/colcon-core/packages/delivery_robot)
[1.519s] DEBUG:colcon.colcon_parallel_executor.executor.parallel:closing loop
[1.520s] DEBUG:colcon.colcon_parallel_executor.executor.parallel:loop closed
[1.520s] DEBUG:colcon.colcon_parallel_executor.executor.parallel:run_until_complete finished with '0'
[1.520s] DEBUG:colcon.colcon_core.event_reactor:joining thread
[1.528s] INFO:colcon.colcon_core.plugin_system:Skipping extension 'colcon_notification.desktop_notification.terminal_notifier': Not used on non-Darwin systems
[1.528s] INFO:colcon.colcon_core.plugin_system:Skipping extension 'colcon_notification.desktop_notification.win32': Not used on non-Windows systems
[1.528s] INFO:colcon.colcon_notification.desktop_notification:Sending desktop notification using 'notify2'
[1.547s] DEBUG:colcon.colcon_core.event_reactor:joined thread
[1.548s] INFO:colcon.colcon_core.shell:Creating prefix script '/home/betheln/ros2_ws/src/Robotics/delivery_robot2/install/local_setup.ps1'
[1.549s] INFO:colcon.colcon_core.shell:Creating prefix util module '/home/betheln/ros2_ws/src/Robotics/delivery_robot2/install/_local_setup_util_ps1.py'
[1.551s] INFO:colcon.colcon_core.shell:Creating prefix chain script '/home/betheln/ros2_ws/src/Robotics/delivery_robot2/install/setup.ps1'
[1.553s] INFO:colcon.colcon_core.shell:Creating prefix script '/home/betheln/ros2_ws/src/Robotics/delivery_robot2/install/local_setup.sh'
[1.553s] INFO:colcon.colcon_core.shell:Creating prefix util module '/home/betheln/ros2_ws/src/Robotics/delivery_robot2/install/_local_setup_util_sh.py'
[1.554s] INFO:colcon.colcon_core.shell:Creating prefix chain script '/home/betheln/ros2_ws/src/Robotics/delivery_robot2/install/setup.sh'
[1.555s] INFO:colcon.colcon_core.shell:Creating prefix script '/home/betheln/ros2_ws/src/Robotics/delivery_robot2/install/local_setup.bash'
[1.555s] INFO:colcon.colcon_core.shell:Creating prefix chain script '/home/betheln/ros2_ws/src/Robotics/delivery_robot2/install/setup.bash'
[1.557s] INFO:colcon.colcon_core.shell:Creating prefix script '/home/betheln/ros2_ws/src/Robotics/delivery_robot2/install/local_setup.zsh'
[1.557s] INFO:colcon.colcon_core.shell:Creating prefix chain script '/home/betheln/ros2_ws/src/Robotics/delivery_robot2/install/setup.zsh'
